error: error
fatal: fatal
error: error
fatal: fatal
error: error
fatal: fatal
error: error
fatal: fatal
error: Error: ReferenceError: cartI is not defined
error: Error: TypeError: Cannot read properties of undefined (reading 'email')
error: Error: TypeError: Cannot read properties of undefined (reading 'user')
error: Error: TypeError: Cannot read properties of null (reading 'products')
error: Error: TypeError: Cannot read properties of null (reading 'products')
error: Error: TypeError: Cannot read properties of null (reading 'products')
error: Error: TypeError: Cannot read properties of null (reading 'products')
error: Error: TypeError: Failed to parse URL from /api/carts/65af331ef1489e38520e125b/purchase
error: Error: TypeError: Failed to parse URL from /api/carts/65b6fdc1d8715dc34acef692/purchase
error: Error: TypeError: Failed to parse URL from /api/carts/65b6fdc1d8715dc34acef692/purchase
error: Error: CastError: Cast to ObjectId failed for value ":cid" (type string) at path "_id" for model "carts"
error: Error: CastError: Cast to ObjectId failed for value ":cid" (type string) at path "_id" for model "carts"
error: Error: TypeError: Failed to parse URL from /api/carts/65f300ffa17c7fb2159bfc63/purchase
error: Error: ReferenceError: PRIVATE_KEY is not defined
error: Error: JsonWebTokenError: jwt must be a string
error: Error: TypeError: Cannot read properties of null (reading 'user')
error: Error: Error [ERR_HTTP_HEADERS_SENT]: Cannot set headers after they are sent to the client
error: Error: TypeError: Cannot read properties of null (reading 'user')
error: Error: TypeError: Cannot read properties of null (reading 'user')
error: Error: TypeError: Cannot read properties of null (reading 'user')
error: Error: TypeError: Cannot read properties of null (reading 'user')
